<?xml version="1.0" encoding="UTF-8"?>
<testsuite name="org.example.bubblesort.BubbleSortTest" tests="9" skipped="0" failures="0" errors="0" timestamp="2022-06-11T20:47:30" hostname="DESKTOP-ENM2766" time="0.119">
  <properties/>
  <testcase name="[1] [1, 4, 5, 6, 8, 3, 8], [1, 3, 4, 5, 6, 8, 8], true" classname="org.example.bubblesort.BubbleSortTest" time="0.073"/>
  <testcase name="[2] [-9.3, 0.2, 4, 0.1, 5, 9], [-9.3, 0.1, 0.2, 4, 5, 9], true" classname="org.example.bubblesort.BubbleSortTest" time="0.002"/>
  <testcase name="[3] [], [], true" classname="org.example.bubblesort.BubbleSortTest" time="0.002"/>
  <testcase name="[4] [null, 5.0001], [5.0001], true" classname="org.example.bubblesort.BubbleSortTest" time="0.002"/>
  <testcase name="[5] [1, 4, 5, 6, 8, 3, 8], [-9.3, 0.1, 0.2, 4, 5, 9], false" classname="org.example.bubblesort.BubbleSortTest" time="0.002"/>
  <testcase name="[6] [], [-9.3, 0.1, 0.2, 4, 5, 9], false" classname="org.example.bubblesort.BubbleSortTest" time="0.002"/>
  <testcase name="[7] [null, 5.0001], [1, 3, 4, 5, 6, 8, 8], false" classname="org.example.bubblesort.BubbleSortTest" time="0.001"/>
  <testcase name="[8] [], [5.0001], false" classname="org.example.bubblesort.BubbleSortTest" time="0.002"/>
  <testcase name="shouldCheckIfBubbleSortThrowExceptionForNull()" classname="org.example.bubblesort.BubbleSortTest" time="0.004"/>
  <system-out><![CDATA[]]></system-out>
  <system-err><![CDATA[]]></system-err>
</testsuite>
